<?xml version="1.0" encoding="UTF-8"?>
<!-- Generated by org.testng.reporters.JUnitReportReporter -->
<testsuite hostname="DESKTOP-O4BKEAT" name="testRunners.funcRun.SecCukesRunnerTest" tests="1" failures="0" timestamp="28 Aug 2018 03:44:30 GMT" time="6.485" errors="0">
  <testcase name="runScenario" time="6.485" classname="testRunners.funcRun.SecCukesRunnerTest"/>
</testsuite> <!-- testRunners.funcRun.SecCukesRunnerTest -->
